0 verbose cli [
0 verbose cli   'C:\\Program Files\\nodejs\\node.exe',
0 verbose cli   'C:\\Program Files\\nodejs\\node_modules\\npm\\bin\\npm-cli.js',
0 verbose cli   'run',
0 verbose cli   'start',
0 verbose cli   '--cache',
0 verbose cli   'clean'
0 verbose cli ]
1 info using npm@8.5.0
2 info using node@v16.14.2
3 timing npm:load:whichnode Completed in 0ms
4 timing config:load:defaults Completed in 2ms
5 timing config:load:file:C:\ProgramData\nvm\v16.14.2\node_modules\npm\npmrc Completed in 1ms
6 timing config:load:builtin Completed in 2ms
7 timing config:load:cli Completed in 2ms
8 timing config:load:env Completed in 0ms
9 timing config:load:file:C:\Users\sabin\Desktop\pheonix js\AwesomeProject\.npmrc Completed in 1ms
10 timing config:load:project Completed in 16ms
11 timing config:load:file:C:\Users\sabin\.npmrc Completed in 10ms
12 timing config:load:user Completed in 10ms
13 timing config:load:file:C:\Program Files\nodejs\etc\npmrc Completed in 0ms
14 timing config:load:global Completed in 0ms
15 timing config:load:validate Completed in 0ms
16 timing config:load:credentials Completed in 1ms
17 timing config:load:setEnvs Completed in 1ms
18 timing config:load Completed in 35ms
19 timing npm:load:configload Completed in 35ms
20 timing npm:load:setTitle Completed in 1ms
21 timing config:load:flatten Completed in 2ms
22 timing npm:load:display Completed in 4ms
23 verbose logfile C:\Users\sabin\Desktop\pheonix js\AwesomeProject\clean\_logs\2023-07-25T18_02_07_787Z-debug-0.log
24 timing npm:load:logFile Completed in 17ms
25 timing npm:load:timers Completed in 1ms
26 timing npm:load:configScope Completed in 0ms
27 timing npm:load Completed in 59ms
28 timing command:run Completed in 109233ms
29 notice
29 notice New [31mmajor[39m version of npm available! [31m8.5.0[39m -> [32m9.8.1[39m
29 notice Changelog: [36mhttps://github.com/npm/cli/releases/tag/v9.8.1[39m
29 notice Run [32mnpm install -g npm@9.8.1[39m to update!
29 notice
30 verbose exit 1
31 timing npm Completed in 110090ms
32 verbose code 1
